<?xml version="1.0" encoding="UTF-8"?>
<!-- Generated by org.testng.reporters.JUnitReportReporter -->
<testsuite skipped="5" hostname="jayahanu" name="automatinglinks.Accesslinks" tests="6" failures="0" timestamp="17 Jul 2018 07:31:41 GMT" time="75.292" errors="0">
  <testcase name="accesingimglinks" time="75.292" classname="automatinglinks.Accesslinks"/>
  <testcase name="outsideandinside" classname="automatinglinks.Accesslinks">
    <skipped/>
  </testcase> <!-- outsideandinside -->
  <testcase name="partialmatch" classname="automatinglinks.Accesslinks">
    <skipped/>
  </testcase> <!-- partialmatch -->
  <testcase name="alllinks" classname="automatinglinks.Accesslinks">
    <skipped/>
  </testcase> <!-- alllinks -->
  <testcase name="casesensitive" classname="automatinglinks.Accesslinks">
    <skipped/>
  </testcase> <!-- casesensitive -->
  <testcase name="Exactmatch" classname="automatinglinks.Accesslinks">
    <skipped/>
  </testcase> <!-- Exactmatch -->
</testsuite> <!-- automatinglinks.Accesslinks -->
