<?xml version="1.0" encoding="UTF-8"?>
<!-- Generated by org.testng.reporters.JUnitReportReporter -->
<testsuite skipped="0" hostname="jayahanu" name="testngpgm.Firsttestng" tests="1" failures="0" timestamp="12 Jul 2018 03:44:06 GMT" time="68.344" errors="0">
  <testcase name="f" time="68.344" classname="testngpgm.Firsttestng"/>
</testsuite> <!-- testngpgm.Firsttestng -->
